{"synthetic": false,
 "schemaVersion": "2025-09-10",
 "outputs":
 {"o": ["ab275799c75778d5.olean"],
  "i": "ecbc94267d7b4cd7.ilean",
  "c": "4b2dc4de53c5325c.c"},
 "log":
 [{"message":
   ".> LEAN_PATH=/home/inthar/scale-word-theorems/.lake/packages/Cli/.lake/build/lib/lean:/home/inthar/scale-word-theorems/.lake/packages/batteries/.lake/build/lib/lean:/home/inthar/scale-word-theorems/.lake/packages/Qq/.lake/build/lib/lean:/home/inthar/scale-word-theorems/.lake/packages/aesop/.lake/build/lib/lean:/home/inthar/scale-word-theorems/.lake/packages/proofwidgets/.lake/build/lib/lean:/home/inthar/scale-word-theorems/.lake/packages/importGraph/.lake/build/lib/lean:/home/inthar/scale-word-theorems/.lake/packages/LeanSearchClient/.lake/build/lib/lean:/home/inthar/scale-word-theorems/.lake/packages/plausible/.lake/build/lib/lean:/home/inthar/scale-word-theorems/.lake/packages/mathlib/.lake/build/lib/lean:/home/inthar/scale-word-theorems/.lake/build/lib/lean /home/inthar/.elan/toolchains/leanprover--lean4---v4.27.0-rc1/bin/lean /home/inthar/scale-word-theorems/ScaleWordTheorems/Basic.lean -o /home/inthar/scale-word-theorems/.lake/build/lib/lean/ScaleWordTheorems/Basic.olean -i /home/inthar/scale-word-theorems/.lake/build/lib/lean/ScaleWordTheorems/Basic.ilean -c /home/inthar/scale-word-theorems/.lake/build/ir/ScaleWordTheorems/Basic.c --setup /home/inthar/scale-word-theorems/.lake/build/ir/ScaleWordTheorems/Basic.setup.json --json",
   "level": "trace"}],
 "inputs":
 [["ScaleWordTheorems.Basic:deps",
   [["deps",
     [["ScaleWordTheorems/ScaleWordTheorems:extraDep",
       [["@ScaleWordTheorems:extraDep", "00000000000006bb"]]],
      ["imports",
       [["Mathlib.Data.ZMod.Basic transitive imports (legacy)",
         "904b776d5b598f4c"],
        ["Mathlib.Data.ZMod.Basic:importAllArts", "40a0a0709f6c4bff"],
        ["Mathlib.Data.Fintype.Basic transitive imports (legacy)",
         "498e9d29bf3e46f3"],
        ["Mathlib.Data.Fintype.Basic:importAllArts", "3914bfd1273639e4"],
        ["Mathlib.Data.List.Basic transitive imports (legacy)",
         "55c34ee7a127f61e"],
        ["Mathlib.Data.List.Basic:importAllArts", "a851a10e0e95008e"],
        ["Mathlib.Algebra.BigOperators.Group.Finset.Basic transitive imports (legacy)",
         "86f8ed02568f239f"],
        ["Mathlib.Algebra.BigOperators.Group.Finset.Basic:importAllArts",
         "ab3505b737d750c3"],
        ["Mathlib.Data.Multiset.Basic transitive imports (legacy)",
         "0ebb7b52374773c4"],
        ["Mathlib.Data.Multiset.Basic:importAllArts", "bc794c777aa31b39"]]]]],
    ["libs",
     [["import dynlibs", "00000000000006bb"],
      ["package external libraries", "00000000000006bb"],
      ["module dynlibs", "00000000000006bb"],
      ["module plugins", "00000000000006bb"]]]]],
  ["Lean 4.27.0, commit 2fcce7258eeb6e324366bc25f9058293b04b7547",
   "6f43b597efea5d4c"],
  ["/home/inthar/scale-word-theorems/ScaleWordTheorems/Basic.lean",
   "646233ac0f15c394"],
  ["options", [["-Dpp.unicode.fun=true", "9b94070140457fab"]]],
  ["Module.leanArgs: #[]", "00000000000006bb"]],
 "depHash": "01ea88bd2d5e88e0"}