{"synthetic": false,
 "schemaVersion": "2025-09-10",
 "outputs":
 {"o": ["fcf782c58467b6bb.olean"],
  "i": "48e050626fdf6f11.ilean",
  "c": "4c9bcebddbf1aac3.c"},
 "log":
 [{"message":
   ".> LEAN_PATH=/home/inthar/scale-word-theorems/.lake/packages/Cli/.lake/build/lib/lean:/home/inthar/scale-word-theorems/.lake/packages/batteries/.lake/build/lib/lean:/home/inthar/scale-word-theorems/.lake/packages/Qq/.lake/build/lib/lean:/home/inthar/scale-word-theorems/.lake/packages/aesop/.lake/build/lib/lean:/home/inthar/scale-word-theorems/.lake/packages/proofwidgets/.lake/build/lib/lean:/home/inthar/scale-word-theorems/.lake/packages/importGraph/.lake/build/lib/lean:/home/inthar/scale-word-theorems/.lake/packages/LeanSearchClient/.lake/build/lib/lean:/home/inthar/scale-word-theorems/.lake/packages/plausible/.lake/build/lib/lean:/home/inthar/scale-word-theorems/.lake/packages/mathlib/.lake/build/lib/lean:/home/inthar/scale-word-theorems/.lake/build/lib/lean /home/inthar/.elan/toolchains/leanprover--lean4---v4.27.0-rc1/bin/lean /home/inthar/scale-word-theorems/ScaleWordTheorems/MOS.lean -o /home/inthar/scale-word-theorems/.lake/build/lib/lean/ScaleWordTheorems/MOS.olean -i /home/inthar/scale-word-theorems/.lake/build/lib/lean/ScaleWordTheorems/MOS.ilean -c /home/inthar/scale-word-theorems/.lake/build/ir/ScaleWordTheorems/MOS.c --setup /home/inthar/scale-word-theorems/.lake/build/ir/ScaleWordTheorems/MOS.setup.json --json",
   "level": "trace"}],
 "inputs":
 [["ScaleWordTheorems.MOS:deps",
   [["deps",
     [["ScaleWordTheorems/ScaleWordTheorems:extraDep",
       [["@ScaleWordTheorems:extraDep", "00000000000006bb"]]],
      ["imports",
       [["Mathlib.Data.Multiset.Basic transitive imports (legacy)",
         "0ebb7b52374773c4"],
        ["Mathlib.Data.Multiset.Basic:importAllArts", "bc794c777aa31b39"],
        ["Mathlib.Data.ZMod.Basic transitive imports (legacy)",
         "904b776d5b598f4c"],
        ["Mathlib.Data.ZMod.Basic:importAllArts", "40a0a0709f6c4bff"],
        ["Mathlib.Tactic transitive imports (legacy)", "db1997cab20cb248"],
        ["Mathlib.Tactic:importAllArts", "396d263b6f422b32"],
        ["ScaleWordTheorems.Basic transitive imports (legacy)",
         "6135f90b4dcb48bc"],
        ["ScaleWordTheorems.Basic:importAllArts", "42e10917dcfb5ee2"]]]]],
    ["libs",
     [["import dynlibs", "00000000000006bb"],
      ["package external libraries", "00000000000006bb"],
      ["module dynlibs", "00000000000006bb"],
      ["module plugins", "00000000000006bb"]]]]],
  ["Lean 4.27.0, commit 2fcce7258eeb6e324366bc25f9058293b04b7547",
   "6f43b597efea5d4c"],
  ["/home/inthar/scale-word-theorems/ScaleWordTheorems/MOS.lean",
   "5e7faae74833d1e0"],
  ["options", [["-Dpp.unicode.fun=true", "9b94070140457fab"]]],
  ["Module.leanArgs: #[]", "00000000000006bb"]],
 "depHash": "8364073b1aa7e200"}