{"synthetic": false,
 "schemaVersion": "2025-09-10",
 "outputs":
 {"o": ["0de7883f48c776b3.olean"],
  "i": "e0c23a951037cb23.ilean",
  "c": "e25bbc3c6ac2dae7.c"},
 "log":
 [{"message":
   ".> LEAN_PATH=/home/inthar/scale-word-theorems/.lake/packages/Cli/.lake/build/lib/lean:/home/inthar/scale-word-theorems/.lake/packages/batteries/.lake/build/lib/lean:/home/inthar/scale-word-theorems/.lake/packages/Qq/.lake/build/lib/lean:/home/inthar/scale-word-theorems/.lake/packages/aesop/.lake/build/lib/lean:/home/inthar/scale-word-theorems/.lake/packages/proofwidgets/.lake/build/lib/lean:/home/inthar/scale-word-theorems/.lake/packages/importGraph/.lake/build/lib/lean:/home/inthar/scale-word-theorems/.lake/packages/LeanSearchClient/.lake/build/lib/lean:/home/inthar/scale-word-theorems/.lake/packages/plausible/.lake/build/lib/lean:/home/inthar/scale-word-theorems/.lake/packages/mathlib/.lake/build/lib/lean:/home/inthar/scale-word-theorems/.lake/build/lib/lean /home/inthar/.elan/toolchains/leanprover--lean4---v4.27.0-rc1/bin/lean /home/inthar/scale-word-theorems/ScaleWordTheorems/MV3.lean -o /home/inthar/scale-word-theorems/.lake/build/lib/lean/ScaleWordTheorems/MV3.olean -i /home/inthar/scale-word-theorems/.lake/build/lib/lean/ScaleWordTheorems/MV3.ilean -c /home/inthar/scale-word-theorems/.lake/build/ir/ScaleWordTheorems/MV3.c --setup /home/inthar/scale-word-theorems/.lake/build/ir/ScaleWordTheorems/MV3.setup.json --json",
   "level": "trace"}],
 "inputs":
 [["ScaleWordTheorems.MV3:deps",
   [["deps",
     [["ScaleWordTheorems/ScaleWordTheorems:extraDep",
       [["@ScaleWordTheorems:extraDep", "00000000000006bb"]]],
      ["imports",
       [["ScaleWordTheorems.MV3Defs transitive imports (legacy)",
         "bb7bd7de887390fa"],
        ["ScaleWordTheorems.MV3Defs:importAllArts", "ad534e7f1319998d"],
        ["ScaleWordTheorems.MV3AS transitive imports (legacy)",
         "3914ca2e05258405"],
        ["ScaleWordTheorems.MV3AS:importAllArts", "e166d3de98dbea29"],
        ["ScaleWordTheorems.MV3OddRegular transitive imports (legacy)",
         "451c9ca81853ed1b"],
        ["ScaleWordTheorems.MV3OddRegular:importAllArts", "29a13de562ad179c"],
        ["ScaleWordTheorems.MV3EvenRegular transitive imports (legacy)",
         "1410ef78c5738ee5"],
        ["ScaleWordTheorems.MV3EvenRegular:importAllArts", "7275ea94c9a2a644"],
        ["ScaleWordTheorems.MV3Balance transitive imports (legacy)",
         "ec14a9e2e6bcbf62"],
        ["ScaleWordTheorems.MV3Balance:importAllArts", "642b72ef136dfa7a"],
        ["ScaleWordTheorems.MV3Classification transitive imports (legacy)",
         "58138bc14770f883"],
        ["ScaleWordTheorems.MV3Classification:importAllArts",
         "ebf5082ffd8e9dfd"]]]]],
    ["libs",
     [["import dynlibs", "00000000000006bb"],
      ["package external libraries", "00000000000006bb"],
      ["module dynlibs", "00000000000006bb"],
      ["module plugins", "00000000000006bb"]]]]],
  ["Lean 4.27.0, commit 2fcce7258eeb6e324366bc25f9058293b04b7547",
   "6f43b597efea5d4c"],
  ["/home/inthar/scale-word-theorems/ScaleWordTheorems/MV3.lean",
   "ffd41410a88fad14"],
  ["options", [["-Dpp.unicode.fun=true", "9b94070140457fab"]]],
  ["Module.leanArgs: #[]", "00000000000006bb"]],
 "depHash": "f4576b98e7860623"}