{"synthetic": false,
 "schemaVersion": "2025-09-10",
 "outputs":
 {"o": ["aeb102c38019441e.olean"],
  "i": "222cea2e109a3cb0.ilean",
  "c": "ce719b72e33f071a.c"},
 "log":
 [{"message":
   ".> LEAN_PATH=/home/inthar/scale-word-theorems/.lake/packages/Cli/.lake/build/lib/lean:/home/inthar/scale-word-theorems/.lake/packages/batteries/.lake/build/lib/lean:/home/inthar/scale-word-theorems/.lake/packages/Qq/.lake/build/lib/lean:/home/inthar/scale-word-theorems/.lake/packages/aesop/.lake/build/lib/lean:/home/inthar/scale-word-theorems/.lake/packages/proofwidgets/.lake/build/lib/lean:/home/inthar/scale-word-theorems/.lake/packages/importGraph/.lake/build/lib/lean:/home/inthar/scale-word-theorems/.lake/packages/LeanSearchClient/.lake/build/lib/lean:/home/inthar/scale-word-theorems/.lake/packages/plausible/.lake/build/lib/lean:/home/inthar/scale-word-theorems/.lake/packages/mathlib/.lake/build/lib/lean:/home/inthar/scale-word-theorems/.lake/build/lib/lean /home/inthar/.elan/toolchains/leanprover--lean4---v4.27.0-rc1/bin/lean /home/inthar/scale-word-theorems/ScaleWordTheorems/Permutation.lean -o /home/inthar/scale-word-theorems/.lake/build/lib/lean/ScaleWordTheorems/Permutation.olean -i /home/inthar/scale-word-theorems/.lake/build/lib/lean/ScaleWordTheorems/Permutation.ilean -c /home/inthar/scale-word-theorems/.lake/build/ir/ScaleWordTheorems/Permutation.c --setup /home/inthar/scale-word-theorems/.lake/build/ir/ScaleWordTheorems/Permutation.setup.json --json",
   "level": "trace"}],
 "inputs":
 [["ScaleWordTheorems.Permutation:deps",
   [["deps",
     [["ScaleWordTheorems/ScaleWordTheorems:extraDep",
       [["@ScaleWordTheorems:extraDep", "00000000000006bb"]]],
      ["imports",
       [["Mathlib.GroupTheory.Perm.Basic transitive imports (legacy)",
         "15da81701610dab0"],
        ["Mathlib.GroupTheory.Perm.Basic:importAllArts", "44e7862aa1e2fc6e"],
        ["Mathlib.Tactic transitive imports (legacy)", "db1997cab20cb248"],
        ["Mathlib.Tactic:importAllArts", "396d263b6f422b32"],
        ["ScaleWordTheorems.Basic transitive imports (legacy)",
         "6135f90b4dcb48bc"],
        ["ScaleWordTheorems.Basic:importAllArts", "42e10917dcfb5ee2"]]]]],
    ["libs",
     [["import dynlibs", "00000000000006bb"],
      ["package external libraries", "00000000000006bb"],
      ["module dynlibs", "00000000000006bb"],
      ["module plugins", "00000000000006bb"]]]]],
  ["Lean 4.27.0, commit 2fcce7258eeb6e324366bc25f9058293b04b7547",
   "6f43b597efea5d4c"],
  ["/home/inthar/scale-word-theorems/ScaleWordTheorems/Permutation.lean",
   "a7d531e6199d286a"],
  ["options", [["-Dpp.unicode.fun=true", "9b94070140457fab"]]],
  ["Module.leanArgs: #[]", "00000000000006bb"]],
 "depHash": "f992b19019927404"}