{"synthetic": false,
 "schemaVersion": "2025-09-10",
 "outputs":
 {"o": ["53811e80279a3bfe.olean"],
  "i": "36382d71e28cafda.ilean",
  "c": "f3273d7c82101f47.c"},
 "log":
 [{"message":
   ".> LEAN_PATH=/home/inthar/scale-word-theorems/.lake/packages/Cli/.lake/build/lib/lean:/home/inthar/scale-word-theorems/.lake/packages/batteries/.lake/build/lib/lean:/home/inthar/scale-word-theorems/.lake/packages/Qq/.lake/build/lib/lean:/home/inthar/scale-word-theorems/.lake/packages/aesop/.lake/build/lib/lean:/home/inthar/scale-word-theorems/.lake/packages/proofwidgets/.lake/build/lib/lean:/home/inthar/scale-word-theorems/.lake/packages/importGraph/.lake/build/lib/lean:/home/inthar/scale-word-theorems/.lake/packages/LeanSearchClient/.lake/build/lib/lean:/home/inthar/scale-word-theorems/.lake/packages/plausible/.lake/build/lib/lean:/home/inthar/scale-word-theorems/.lake/packages/mathlib/.lake/build/lib/lean:/home/inthar/scale-word-theorems/.lake/build/lib/lean /home/inthar/.elan/toolchains/leanprover--lean4---v4.27.0-rc1/bin/lean /home/inthar/scale-word-theorems/ScaleWordTheorems/TwistedNecklaces.lean -o /home/inthar/scale-word-theorems/.lake/build/lib/lean/ScaleWordTheorems/TwistedNecklaces.olean -i /home/inthar/scale-word-theorems/.lake/build/lib/lean/ScaleWordTheorems/TwistedNecklaces.ilean -c /home/inthar/scale-word-theorems/.lake/build/ir/ScaleWordTheorems/TwistedNecklaces.c --setup /home/inthar/scale-word-theorems/.lake/build/ir/ScaleWordTheorems/TwistedNecklaces.setup.json --json",
   "level": "trace"}],
 "inputs":
 [["ScaleWordTheorems.TwistedNecklaces:deps",
   [["deps",
     [["ScaleWordTheorems/ScaleWordTheorems:extraDep",
       [["@ScaleWordTheorems:extraDep", "00000000000006bb"]]],
      ["imports",
       [["ScaleWordTheorems.Basic transitive imports (legacy)",
         "6135f90b4dcb48bc"],
        ["ScaleWordTheorems.Basic:importAllArts", "6dd2f604299d527f"],
        ["ScaleWordTheorems.MOS transitive imports (legacy)",
         "26c5d11cbbd5c5b5"],
        ["ScaleWordTheorems.MOS:importAllArts", "1fc0dfc5a6879248"]]]]],
    ["libs",
     [["import dynlibs", "00000000000006bb"],
      ["package external libraries", "00000000000006bb"],
      ["module dynlibs", "00000000000006bb"],
      ["module plugins", "00000000000006bb"]]]]],
  ["Lean 4.27.0, commit 2fcce7258eeb6e324366bc25f9058293b04b7547",
   "6f43b597efea5d4c"],
  ["/home/inthar/scale-word-theorems/ScaleWordTheorems/TwistedNecklaces.lean",
   "8b5b2d7544cdf8fa"],
  ["options", [["-Dpp.unicode.fun=true", "9b94070140457fab"]]],
  ["Module.leanArgs: #[]", "00000000000006bb"]],
 "depHash": "e8798d2dd6ebf3f1"}